# JRE version: OpenJDK Runtime Environment JBR-21.0.3+13-509.11-jcef (21.0.3+13) (build 21.0.3+13-b509.11)
# Java VM: OpenJDK 64-Bit Server VM JBR-21.0.3+13-509.11-jcef (21.0.3+13-b509.11, mixed mode, tiered, compressed oops, compressed class ptrs, g1 gc, windows-amd64)
GC Precious Log:
 CardTable entry size: 512
 Card Set container configuration: InlinePtr #cards 5 size 8 Array Of Cards #cards 12 size 40 Howl #buckets 4 coarsen threshold 1843 Howl Bitmap #cards 512 size 80 coarsen threshold 460 Card regions per heap region 1 cards per card region 2048
 CPUs: 4 total, 4 available
 Memory: 4046M
 Large Page Support: Disabled
 NUMA Support: Disabled
 Compressed Oops: Enabled (32-bit)
 Heap Region Size: 1M
 Heap Min Capacity: 128M
 Heap Initial Capacity: 128M
 Heap Max Capacity: 2G
 Pre-touch: Disabled
 Parallel Workers: 4
 Concurrent Workers: 1
 Concurrent Refinement Workers: 4
 Periodic GC: Disabled
Heap:
 garbage-first heap   total 573440K, used 412160K [0x0000000080000000, 0x0000000100000000)
  region size 1024K, 19 young (19456K), 11 survivors (11264K)
 Metaspace       used 56426K, committed 56832K, reserved 1114112K
  class space    used 5821K, committed 6016K, reserved 1048576K
GC Heap History (20 events):
Event: 7.487 GC heap before
{Heap before GC invocations=9 (full 0):
 garbage-first heap   total 262144K, used 136192K [0x0000000080000000, 0x0000000100000000)
  region size 1024K, 74 young (75776K), 6 survivors (6144K)
 Metaspace       used 41222K, committed 41600K, reserved 1114112K
  class space    used 4427K, committed 4608K, reserved 1048576K
}
Event: 7.554 GC heap after
{Heap after GC invocations=10 (full 0):
 garbage-first heap   total 262144K, used 97792K [0x0000000080000000, 0x0000000100000000)
  region size 1024K, 10 young (10240K), 10 survivors (10240K)
 Metaspace       used 41222K, committed 41600K, reserved 1114112K
  class space    used 4427K, committed 4608K, reserved 1048576K
}
Event: 8.263 GC heap before
{Heap before GC invocations=10 (full 0):
 garbage-first heap   total 262144K, used 150016K [0x0000000080000000, 0x0000000100000000)
  region size 1024K, 61 young (62464K), 10 survivors (10240K)
 Metaspace       used 41262K, committed 41664K, reserved 1114112K
  class space    used 4427K, committed 4608K, reserved 1048576K
}
Event: 8.302 GC heap after
{Heap after GC invocations=11 (full 0):
 garbage-first heap   total 262144K, used 121856K [0x0000000080000000, 0x0000000100000000)
  region size 1024K, 8 young (8192K), 8 survivors (8192K)
 Metaspace       used 41262K, committed 41664K, reserved 1114112K
  class space    used 4427K, committed 4608K, reserved 1048576K
}
Event: 8.675 GC heap before
{Heap before GC invocations=11 (full 0):
 garbage-first heap   total 262144K, used 191488K [0x0000000080000000, 0x0000000100000000)
  region size 1024K, 77 young (78848K), 8 survivors (8192K)
 Metaspace       used 41279K, committed 41664K, reserved 1114112K
  class space    used 4427K, committed 4608K, reserved 1048576K
}
Event: 8.744 GC heap after
{Heap after GC invocations=12 (full 0):
 garbage-first heap   total 262144K, used 154112K [0x0000000080000000, 0x0000000100000000)
  region size 1024K, 10 young (10240K), 10 survivors (10240K)
 Metaspace       used 41279K, committed 41664K, reserved 1114112K
  class space    used 4427K, committed 4608K, reserved 1048576K
}
Event: 8.954 GC heap before
{Heap before GC invocations=12 (full 0):
 garbage-first heap   total 262144K, used 207360K [0x0000000080000000, 0x0000000100000000)
  region size 1024K, 62 young (63488K), 10 survivors (10240K)
 Metaspace       used 41286K, committed 41664K, reserved 1114112K
  class space    used 4427K, committed 4608K, reserved 1048576K
}
Event: 9.019 GC heap after
{Heap after GC invocations=13 (full 0):
 garbage-first heap   total 449536K, used 178176K [0x0000000080000000, 0x0000000100000000)
  region size 1024K, 8 young (8192K), 8 survivors (8192K)
 Metaspace       used 41286K, committed 41664K, reserved 1114112K
  class space    used 4427K, committed 4608K, reserved 1048576K
}
Event: 12.209 GC heap before
{Heap before GC invocations=14 (full 0):
 garbage-first heap   total 449536K, used 304128K [0x0000000080000000, 0x0000000100000000)
  region size 1024K, 131 young (134144K), 8 survivors (8192K)
 Metaspace       used 44146K, committed 44608K, reserved 1114112K
  class space    used 4698K, committed 4928K, reserved 1048576K
}
Event: 12.325 GC heap after
{Heap after GC invocations=15 (full 0):
 garbage-first heap   total 449536K, used 237056K [0x0000000080000000, 0x0000000100000000)
  region size 1024K, 17 young (17408K), 17 survivors (17408K)
 Metaspace       used 44146K, committed 44608K, reserved 1114112K
  class space    used 4698K, committed 4928K, reserved 1048576K
}
Event: 14.023 GC heap before
{Heap before GC invocations=15 (full 0):
 garbage-first heap   total 449536K, used 331264K [0x0000000080000000, 0x0000000100000000)
  region size 1024K, 109 young (111616K), 17 survivors (17408K)
 Metaspace       used 44653K, committed 45056K, reserved 1114112K
  class space    used 4745K, committed 4928K, reserved 1048576K
}
Event: 14.101 GC heap after
{Heap after GC invocations=16 (full 0):
 garbage-first heap   total 449536K, used 282112K [0x0000000080000000, 0x0000000100000000)
  region size 1024K, 14 young (14336K), 14 survivors (14336K)
 Metaspace       used 44653K, committed 45056K, reserved 1114112K
  class space    used 4745K, committed 4928K, reserved 1048576K
}
Event: 14.811 GC heap before
{Heap before GC invocations=16 (full 0):
 garbage-first heap   total 449536K, used 358912K [0x0000000080000000, 0x0000000100000000)
  region size 1024K, 89 young (91136K), 14 survivors (14336K)
 Metaspace       used 44695K, committed 45056K, reserved 1114112K
  class space    used 4746K, committed 4928K, reserved 1048576K
}
Event: 14.926 GC heap after
{Heap after GC invocations=17 (full 0):
 garbage-first heap   total 449536K, used 321536K [0x0000000080000000, 0x0000000100000000)
  region size 1024K, 12 young (12288K), 12 survivors (12288K)
 Metaspace       used 44695K, committed 45056K, reserved 1114112K
  class space    used 4746K, committed 4928K, reserved 1048576K
}
Event: 17.740 GC heap before
{Heap before GC invocations=18 (full 0):
 garbage-first heap   total 573440K, used 380928K [0x0000000080000000, 0x0000000100000000)
  region size 1024K, 70 young (71680K), 12 survivors (12288K)
 Metaspace       used 48597K, committed 49024K, reserved 1114112K
  class space    used 5107K, committed 5312K, reserved 1048576K
}
Event: 17.792 GC heap after
{Heap after GC invocations=19 (full 0):
 garbage-first heap   total 573440K, used 347648K [0x0000000080000000, 0x0000000100000000)
  region size 1024K, 9 young (9216K), 9 survivors (9216K)
 Metaspace       used 48597K, committed 49024K, reserved 1114112K
  class space    used 5107K, committed 5312K, reserved 1048576K
}
Event: 26.091 GC heap before
{Heap before GC invocations=19 (full 0):
 garbage-first heap   total 573440K, used 504320K [0x0000000080000000, 0x0000000100000000)
  region size 1024K, 108 young (110592K), 9 survivors (9216K)
 Metaspace       used 53510K, committed 53888K, reserved 1114112K
  class space    used 5515K, committed 5696K, reserved 1048576K
}
Event: 26.158 GC heap after
{Heap after GC invocations=20 (full 0):
 garbage-first heap   total 573440K, used 425472K [0x0000000080000000, 0x0000000100000000)
  region size 1024K, 14 young (14336K), 14 survivors (14336K)
 Metaspace       used 53510K, committed 53888K, reserved 1114112K
  class space    used 5515K, committed 5696K, reserved 1048576K
}
Event: 30.604 GC heap before
{Heap before GC invocations=20 (full 0):
 garbage-first heap   total 573440K, used 498176K [0x0000000080000000, 0x0000000100000000)
  region size 1024K, 85 young (87040K), 14 survivors (14336K)
 Metaspace       used 56315K, committed 56704K, reserved 1114112K
  class space    used 5812K, committed 6016K, reserved 1048576K
}
Event: 30.697 GC heap after
{Heap after GC invocations=21 (full 0):
 garbage-first heap   total 573440K, used 442880K [0x0000000080000000, 0x0000000100000000)
  region size 1024K, 11 young (11264K), 11 survivors (11264K)
 Metaspace       used 56315K, committed 56704K, reserved 1114112K
  class space    used 5812K, committed 6016K, reserved 1048576K
}

